# JRE version: OpenJDK Runtime Environment (11.0.11+9) (build 11.0.11+9-b60-7590822)
# Java VM: OpenJDK 64-Bit Server VM (11.0.11+9-b60-7590822, mixed mode, tiered, compressed oops, g1 gc, windows-amd64)
Heap:
 garbage-first heap   total 270336K, used 219888K [0x0000000080000000, 0x0000000100000000)
  region size 1024K, 25 young (25600K), 2 survivors (2048K)
 Metaspace       used 142210K, capacity 145786K, committed 146036K, reserved 1175552K
  class space    used 18320K, capacity 19576K, committed 19660K, reserved 1048576K
GC Heap History (20 events):
Event: 407.743 GC heap before
{Heap before GC invocations=42 (full 0):
 garbage-first heap   total 225280K, used 190895K [0x0000000080000000, 0x0000000100000000)
  region size 1024K, 42 young (43008K), 1 survivors (1024K)
 Metaspace       used 135764K, capacity 139124K, committed 139380K, reserved 1169408K
  class space    used 17642K, capacity 18828K, committed 18892K, reserved 1048576K
}
Event: 407.761 GC heap after
{Heap after GC invocations=43 (full 0):
 garbage-first heap   total 225280K, used 154071K [0x0000000080000000, 0x0000000100000000)
  region size 1024K, 5 young (5120K), 5 survivors (5120K)
 Metaspace       used 135764K, capacity 139124K, committed 139380K, reserved 1169408K
  class space    used 17642K, capacity 18828K, committed 18892K, reserved 1048576K
}
Event: 408.353 GC heap before
{Heap before GC invocations=44 (full 0):
 garbage-first heap   total 225280K, used 190935K [0x0000000080000000, 0x0000000100000000)
  region size 1024K, 42 young (43008K), 5 survivors (5120K)
 Metaspace       used 135775K, capacity 139132K, committed 139380K, reserved 1169408K
  class space    used 17643K, capacity 18830K, committed 18892K, reserved 1048576K
}
Event: 408.366 GC heap after
{Heap after GC invocations=45 (full 0):
 garbage-first heap   total 225280K, used 156912K [0x0000000080000000, 0x0000000100000000)
  region size 1024K, 4 young (4096K), 4 survivors (4096K)
 Metaspace       used 135775K, capacity 139132K, committed 139380K, reserved 1169408K
  class space    used 17643K, capacity 18830K, committed 18892K, reserved 1048576K
}
Event: 408.507 GC heap before
{Heap before GC invocations=45 (full 0):
 garbage-first heap   total 225280K, used 163056K [0x0000000080000000, 0x0000000100000000)
  region size 1024K, 11 young (11264K), 4 survivors (4096K)
 Metaspace       used 136645K, capacity 140045K, committed 140276K, reserved 1171456K
  class space    used 17719K, capacity 18922K, committed 19020K, reserved 1048576K
}
Event: 408.517 GC heap after
{Heap after GC invocations=46 (full 0):
 garbage-first heap   total 225280K, used 155991K [0x0000000080000000, 0x0000000100000000)
  region size 1024K, 1 young (1024K), 1 survivors (1024K)
 Metaspace       used 136645K, capacity 140045K, committed 140276K, reserved 1171456K
  class space    used 17719K, capacity 18922K, committed 19020K, reserved 1048576K
}
Event: 409.271 GC heap before
{Heap before GC invocations=46 (full 0):
 garbage-first heap   total 225280K, used 190807K [0x0000000080000000, 0x0000000100000000)
  region size 1024K, 36 young (36864K), 1 survivors (1024K)
 Metaspace       used 138105K, capacity 141466K, committed 141684K, reserved 1171456K
  class space    used 17889K, capacity 19084K, committed 19148K, reserved 1048576K
}
Event: 409.285 GC heap after
{Heap after GC invocations=47 (full 0):
 garbage-first heap   total 225280K, used 158545K [0x0000000080000000, 0x0000000100000000)
  region size 1024K, 4 young (4096K), 4 survivors (4096K)
 Metaspace       used 138105K, capacity 141466K, committed 141684K, reserved 1171456K
  class space    used 17889K, capacity 19084K, committed 19148K, reserved 1048576K
}
Event: 410.066 GC heap before
{Heap before GC invocations=48 (full 0):
 garbage-first heap   total 225280K, used 194385K [0x0000000080000000, 0x0000000100000000)
  region size 1024K, 37 young (37888K), 4 survivors (4096K)
 Metaspace       used 138270K, capacity 141658K, committed 141940K, reserved 1171456K
  class space    used 17889K, capacity 19084K, committed 19148K, reserved 1048576K
}
Event: 410.089 GC heap after
{Heap after GC invocations=49 (full 0):
 garbage-first heap   total 225280K, used 172126K [0x0000000080000000, 0x0000000100000000)
  region size 1024K, 5 young (5120K), 5 survivors (5120K)
 Metaspace       used 138270K, capacity 141658K, committed 141940K, reserved 1171456K
  class space    used 17889K, capacity 19084K, committed 19148K, reserved 1048576K
}
Event: 410.187 GC heap before
{Heap before GC invocations=49 (full 0):
 garbage-first heap   total 225280K, used 178270K [0x0000000080000000, 0x0000000100000000)
  region size 1024K, 11 young (11264K), 5 survivors (5120K)
 Metaspace       used 138293K, capacity 141658K, committed 141940K, reserved 1171456K
  class space    used 17889K, capacity 19084K, committed 19148K, reserved 1048576K
}
Event: 410.204 GC heap after
{Heap after GC invocations=50 (full 0):
 garbage-first heap   total 225280K, used 173056K [0x0000000080000000, 0x0000000100000000)
  region size 1024K, 2 young (2048K), 2 survivors (2048K)
 Metaspace       used 138293K, capacity 141658K, committed 141940K, reserved 1171456K
  class space    used 17889K, capacity 19084K, committed 19148K, reserved 1048576K
}
Event: 410.532 GC heap before
{Heap before GC invocations=50 (full 0):
 garbage-first heap   total 225280K, used 191488K [0x0000000080000000, 0x0000000100000000)
  region size 1024K, 20 young (20480K), 2 survivors (2048K)
 Metaspace       used 138923K, capacity 142332K, committed 142580K, reserved 1173504K
  class space    used 17948K, capacity 19181K, committed 19276K, reserved 1048576K
}
Event: 410.543 GC heap after
{Heap after GC invocations=51 (full 0):
 garbage-first heap   total 270336K, used 177861K [0x0000000080000000, 0x0000000100000000)
  region size 1024K, 3 young (3072K), 3 survivors (3072K)
 Metaspace       used 138923K, capacity 142332K, committed 142580K, reserved 1173504K
  class space    used 17948K, capacity 19181K, committed 19276K, reserved 1048576K
}
Event: 411.493 GC heap before
{Heap before GC invocations=51 (full 0):
 garbage-first heap   total 270336K, used 219845K [0x0000000080000000, 0x0000000100000000)
  region size 1024K, 36 young (36864K), 3 survivors (3072K)
 Metaspace       used 139725K, capacity 143223K, committed 143476K, reserved 1173504K
  class space    used 18028K, capacity 19266K, committed 19404K, reserved 1048576K
}
Event: 411.509 GC heap after
{Heap after GC invocations=52 (full 0):
 garbage-first heap   total 270336K, used 181535K [0x0000000080000000, 0x0000000100000000)
  region size 1024K, 4 young (4096K), 4 survivors (4096K)
 Metaspace       used 139725K, capacity 143223K, committed 143476K, reserved 1173504K
  class space    used 18028K, capacity 19266K, committed 19404K, reserved 1048576K
}
Event: 412.209 GC heap before
{Heap before GC invocations=52 (full 0):
 garbage-first heap   total 270336K, used 215327K [0x0000000080000000, 0x0000000100000000)
  region size 1024K, 37 young (37888K), 4 survivors (4096K)
 Metaspace       used 141786K, capacity 145263K, committed 145396K, reserved 1175552K
  class space    used 18292K, capacity 19498K, committed 19532K, reserved 1048576K
}
Event: 412.222 GC heap after
{Heap after GC invocations=53 (full 0):
 garbage-first heap   total 270336K, used 183373K [0x0000000080000000, 0x0000000100000000)
  region size 1024K, 2 young (2048K), 2 survivors (2048K)
 Metaspace       used 141786K, capacity 145263K, committed 145396K, reserved 1175552K
  class space    used 18292K, capacity 19498K, committed 19532K, reserved 1048576K
}
Event: 412.515 GC heap before
{Heap before GC invocations=53 (full 0):
 garbage-first heap   total 270336K, used 218189K [0x0000000080000000, 0x0000000100000000)
  region size 1024K, 36 young (36864K), 2 survivors (2048K)
 Metaspace       used 141790K, capacity 145263K, committed 145396K, reserved 1175552K
  class space    used 18292K, capacity 19498K, committed 19532K, reserved 1048576K
}
Event: 412.520 GC heap after
{Heap after GC invocations=54 (full 0):
 garbage-first heap   total 270336K, used 183024K [0x0000000080000000, 0x0000000100000000)
  region size 1024K, 2 young (2048K), 2 survivors (2048K)
 Metaspace       used 141790K, capacity 145263K, committed 145396K, reserved 1175552K
  class space    used 18292K, capacity 19498K, committed 19532K, reserved 1048576K
}

